2017-12-21 18:22:08 - PHP Warning:  fread(): Length parameter must be greater than 0 in /home/s/spandrxe/spandrxe.beget.tech/public_html/system/library/cache/file.php on line 32
2017-12-28 21:04:37 - {
  "errors" : [ {
    "error_type" : "unauthorized",
    "message" : "Неавторизованный пользователь"
  } ],
  "code" : 401,
  "message" : "Неавторизованный пользователь"
}

2017-12-28 21:11:11 - {
  "errors" : [ {
    "error_type" : "unauthorized",
    "message" : "Неавторизованный пользователь"
  } ],
  "code" : 401,
  "message" : "Неавторизованный пользователь"
}

2017-12-28 21:11:49 - {
  "errors" : [ {
    "error_type" : "unauthorized",
    "message" : "Неавторизованный пользователь"
  } ],
  "code" : 401,
  "message" : "Неавторизованный пользователь"
}

2017-12-28 21:12:56 - {
  "errors" : [ {
    "error_type" : "unauthorized",
    "message" : "Неавторизованный пользователь"
  } ],
  "code" : 401,
  "message" : "Неавторизованный пользователь"
}

2017-12-28 21:14:54 - {
  "errors" : [ {
    "error_type" : "unauthorized",
    "message" : "Неавторизованный пользователь"
  } ],
  "code" : 401,
  "message" : "Неавторизованный пользователь"
}

